<?xml version="1.0" encoding="UTF-8"?>
<testng-results skipped="0" failed="0" ignored="0" total="1" passed="1">
  <reporter-output>
  </reporter-output>
  <suite name="Default suite" duration-ms="69267" started-at="2018-07-30T12:43:02Z" finished-at="2018-07-30T12:44:11Z">
    <groups>
    </groups>
    <test name="Default test" duration-ms="69267" started-at="2018-07-30T12:43:02Z" finished-at="2018-07-30T12:44:11Z">
      <class name="com.WP.postautomation.Login_TestLink_Integration">
        <test-method status="PASS" signature="setUp()[pri:0, instance:com.WP.postautomation.Login_TestLink_Integration@343f4d3d]" name="setUp" is-config="true" duration-ms="6" started-at="2018-07-30T20:43:02Z" finished-at="2018-07-30T20:43:02Z">
          <reporter-output>
          </reporter-output>
        </test-method> <!-- setUp -->
        <test-method status="PASS" signature="accessApplicationURL()[pri:1, instance:com.WP.postautomation.Login_TestLink_Integration@343f4d3d]" name="accessApplicationURL" duration-ms="69235" started-at="2018-07-30T20:43:02Z" finished-at="2018-07-30T20:44:11Z">
          <reporter-output>
          </reporter-output>
        </test-method> <!-- accessApplicationURL -->
      </class> <!-- com.WP.postautomation.Login_TestLink_Integration -->
    </test> <!-- Default test -->
  </suite> <!-- Default suite -->
</testng-results>
